000 (228433.027.000) 2021-12-02 11:00:10 Job submitted from host: <128.104.100.148:9618?addrs=128.104.100.148-9618+[2607-f388-107c-501-216-3eff-feb2-bc11]-9618&alias=learn.chtc.wisc.edu&noUDP&sock=schedd_1130_aa1b>
...
040 (228433.027.000) 2021-12-02 11:12:20 Started transferring input files
	Transferring to host: <128.104.103.8:9618?addrs=128.104.103.8-9618+[2607-f388-107c-501-862b-2bff-fe64-8672]-9618&alias=e004.chtc.wisc.edu&noUDP&sock=slot1_17_5823_9486_7029>
...
040 (228433.027.000) 2021-12-02 11:12:38 Finished transferring input files
...
001 (228433.027.000) 2021-12-02 11:12:41 Job executing on host: <128.104.103.8:9618?addrs=128.104.103.8-9618+[2607-f388-107c-501-862b-2bff-fe64-8672]-9618&alias=e004.chtc.wisc.edu&noUDP&sock=startd_5290_1416>
...
006 (228433.027.000) 2021-12-02 11:12:49 Image size of job updated: 77796
	1  -  MemoryUsage of job (MB)
	416  -  ResidentSetSize of job (KB)
...
006 (228433.027.000) 2021-12-02 11:17:49 Image size of job updated: 2033704
	1449  -  MemoryUsage of job (MB)
	1483224  -  ResidentSetSize of job (KB)
...
006 (228433.027.000) 2021-12-02 11:19:41 Image size of job updated: 2184720
	1449  -  MemoryUsage of job (MB)
	1483224  -  ResidentSetSize of job (KB)
...
040 (228433.027.000) 2021-12-02 11:19:43 Started transferring output files
...
040 (228433.027.000) 2021-12-02 11:19:43 Finished transferring output files
...
005 (228433.027.000) 2021-12-02 11:19:43 Job terminated.
	(1) Normal termination (return value 0)
		Usr 0 00:06:43, Sys 0 00:00:06  -  Run Remote Usage
		Usr 0 00:00:00, Sys 0 00:00:00  -  Run Local Usage
		Usr 0 00:06:43, Sys 0 00:00:06  -  Total Remote Usage
		Usr 0 00:00:00, Sys 0 00:00:00  -  Total Local Usage
	139503  -  Run Bytes Sent By Job
	521064736  -  Run Bytes Received By Job
	139503  -  Total Bytes Sent By Job
	521064736  -  Total Bytes Received By Job
	Partitionable Resources :      Usage  Request Allocated 
	   Cpus                 :       1.00        1         1 
	   Disk (KB)            : 1156724     2097152   2711829 
	   IoHeavy              :                             0 
	   Memory (MB)          :    1449        6144      6144 

	Job terminated of its own accord at 2021-12-02T17:19:41Z with exit-code 0.
...
