000 (228433.014.000) 2021-12-02 11:00:10 Job submitted from host: <128.104.100.148:9618?addrs=128.104.100.148-9618+[2607-f388-107c-501-216-3eff-feb2-bc11]-9618&alias=learn.chtc.wisc.edu&noUDP&sock=schedd_1130_aa1b>
...
040 (228433.014.000) 2021-12-02 11:05:26 Entered queue to transfer input files
	Transferring to host: <128.105.245.158:9618?addrs=128.105.245.158-9618&alias=e2358.chtc.wisc.edu&noUDP&sock=slot1_16_27608_155c_19362>
...
040 (228433.014.000) 2021-12-02 11:05:45 Started transferring input files
	Seconds spent in queue: 19
...
040 (228433.014.000) 2021-12-02 11:06:02 Finished transferring input files
...
001 (228433.014.000) 2021-12-02 11:06:03 Job executing on host: <128.105.245.158:9618?addrs=128.105.245.158-9618&alias=e2358.chtc.wisc.edu&noUDP&sock=startd_2758_564a>
...
006 (228433.014.000) 2021-12-02 11:06:11 Image size of job updated: 528
	1  -  MemoryUsage of job (MB)
	300  -  ResidentSetSize of job (KB)
...
006 (228433.014.000) 2021-12-02 11:11:04 Image size of job updated: 1984396
	1  -  MemoryUsage of job (MB)
	300  -  ResidentSetSize of job (KB)
...
040 (228433.014.000) 2021-12-02 11:11:09 Entered queue to transfer output files
...
040 (228433.014.000) 2021-12-02 11:11:11 Started transferring output files
	Seconds spent in queue: 345
...
040 (228433.014.000) 2021-12-02 11:11:11 Finished transferring output files
...
005 (228433.014.000) 2021-12-02 11:11:12 Job terminated.
	(1) Normal termination (return value 0)
		Usr 0 00:04:44, Sys 0 00:00:05  -  Run Remote Usage
		Usr 0 00:00:00, Sys 0 00:00:00  -  Run Local Usage
		Usr 0 00:04:44, Sys 0 00:00:05  -  Total Remote Usage
		Usr 0 00:00:00, Sys 0 00:00:00  -  Total Local Usage
	129419  -  Run Bytes Sent By Job
	485869856  -  Run Bytes Received By Job
	129419  -  Total Bytes Sent By Job
	485869856  -  Total Bytes Received By Job
	Partitionable Resources :      Usage  Request Allocated 
	   Cpus                 :       1.00        1         1 
	   Disk (KB)            : 1087983     2097152   2344027 
	   IoHeavy              :                             0 
	   Memory (MB)          :       1        6144      6144 

	Job terminated of its own accord at 2021-12-02T17:11:04Z with exit-code 0.
...
