000 (228433.025.000) 2021-12-02 11:00:10 Job submitted from host: <128.104.100.148:9618?addrs=128.104.100.148-9618+[2607-f388-107c-501-216-3eff-feb2-bc11]-9618&alias=learn.chtc.wisc.edu&noUDP&sock=schedd_1130_aa1b>
...
040 (228433.025.000) 2021-12-02 11:11:17 Entered queue to transfer input files
	Transferring to host: <128.105.245.158:9618?addrs=128.105.245.158-9618&alias=e2358.chtc.wisc.edu&noUDP&sock=slot1_16_27608_155c_19373>
...
040 (228433.025.000) 2021-12-02 11:11:21 Started transferring input files
	Seconds spent in queue: 4
...
040 (228433.025.000) 2021-12-02 11:11:36 Finished transferring input files
...
001 (228433.025.000) 2021-12-02 11:11:37 Job executing on host: <128.105.245.158:9618?addrs=128.105.245.158-9618&alias=e2358.chtc.wisc.edu&noUDP&sock=startd_2758_564a>
...
006 (228433.025.000) 2021-12-02 11:11:45 Image size of job updated: 528
	1  -  MemoryUsage of job (MB)
	276  -  ResidentSetSize of job (KB)
...
006 (228433.025.000) 2021-12-02 11:15:47 Image size of job updated: 1533628
	1  -  MemoryUsage of job (MB)
	276  -  ResidentSetSize of job (KB)
...
040 (228433.025.000) 2021-12-02 11:15:48 Started transferring output files
	Seconds spent in queue: 271
...
040 (228433.025.000) 2021-12-02 11:15:48 Finished transferring output files
...
005 (228433.025.000) 2021-12-02 11:15:48 Job terminated.
	(1) Normal termination (return value 0)
		Usr 0 00:03:48, Sys 0 00:00:05  -  Run Remote Usage
		Usr 0 00:00:00, Sys 0 00:00:00  -  Run Local Usage
		Usr 0 00:03:48, Sys 0 00:00:05  -  Total Remote Usage
		Usr 0 00:00:00, Sys 0 00:00:00  -  Total Local Usage
	131950  -  Run Bytes Sent By Job
	396484896  -  Run Bytes Received By Job
	131950  -  Total Bytes Sent By Job
	396484896  -  Total Bytes Received By Job
	Partitionable Resources :     Usage  Request Allocated 
	   Cpus                 :      1.00        1         1 
	   Disk (KB)            : 913400     2097152   2344027 
	   IoHeavy              :                            0 
	   Memory (MB)          :      1        6144      6144 

	Job terminated of its own accord at 2021-12-02T17:15:47Z with exit-code 0.
...
