000 (228433.024.000) 2021-12-02 11:00:10 Job submitted from host: <128.104.100.148:9618?addrs=128.104.100.148-9618+[2607-f388-107c-501-216-3eff-feb2-bc11]-9618&alias=learn.chtc.wisc.edu&noUDP&sock=schedd_1130_aa1b>
...
040 (228433.024.000) 2021-12-02 11:10:45 Entered queue to transfer input files
	Transferring to host: <128.105.245.123:9618?addrs=128.105.245.123-9618&alias=e323.chtc.wisc.edu&noUDP&sock=slot1_13_40523_de89_18195>
...
040 (228433.024.000) 2021-12-02 11:11:01 Started transferring input files
	Seconds spent in queue: 16
...
040 (228433.024.000) 2021-12-02 11:11:13 Finished transferring input files
...
001 (228433.024.000) 2021-12-02 11:11:14 Job executing on host: <128.105.245.123:9618?addrs=128.105.245.123-9618&alias=e323.chtc.wisc.edu&noUDP&sock=startd_2500_5edb>
...
006 (228433.024.000) 2021-12-02 11:11:22 Image size of job updated: 396
	1  -  MemoryUsage of job (MB)
	140  -  ResidentSetSize of job (KB)
...
006 (228433.024.000) 2021-12-02 11:16:11 Image size of job updated: 1598800
	1  -  MemoryUsage of job (MB)
	268  -  ResidentSetSize of job (KB)
...
040 (228433.024.000) 2021-12-02 11:16:13 Started transferring output files
	Seconds spent in queue: 328
...
040 (228433.024.000) 2021-12-02 11:16:17 Finished transferring output files
...
005 (228433.024.000) 2021-12-02 11:16:21 Job terminated.
	(1) Normal termination (return value 0)
		Usr 0 00:04:43, Sys 0 00:00:04  -  Run Remote Usage
		Usr 0 00:00:00, Sys 0 00:00:00  -  Run Local Usage
		Usr 0 00:04:43, Sys 0 00:00:04  -  Total Remote Usage
		Usr 0 00:00:00, Sys 0 00:00:00  -  Total Local Usage
	132543  -  Run Bytes Sent By Job
	369635616  -  Run Bytes Received By Job
	132543  -  Total Bytes Sent By Job
	369635616  -  Total Bytes Received By Job
	Partitionable Resources :     Usage  Request Allocated 
	   Cpus                 :      0.99        1         1 
	   Disk (KB)            : 860959     2097152   2358471 
	   IoHeavy              :                            0 
	   Memory (MB)          :      1        6144      6144 

	Job terminated of its own accord at 2021-12-02T17:16:11Z with exit-code 0.
...
