000 (228433.016.000) 2021-12-02 11:00:10 Job submitted from host: <128.104.100.148:9618?addrs=128.104.100.148-9618+[2607-f388-107c-501-216-3eff-feb2-bc11]-9618&alias=learn.chtc.wisc.edu&noUDP&sock=schedd_1130_aa1b>
...
040 (228433.016.000) 2021-12-02 11:06:25 Started transferring input files
	Transferring to host: <128.105.245.158:9618?addrs=128.105.245.158-9618&alias=e2358.chtc.wisc.edu&noUDP&sock=slot1_19_27608_155c_19367>
...
040 (228433.016.000) 2021-12-02 11:06:41 Finished transferring input files
...
001 (228433.016.000) 2021-12-02 11:06:42 Job executing on host: <128.105.245.158:9618?addrs=128.105.245.158-9618&alias=e2358.chtc.wisc.edu&noUDP&sock=startd_2758_564a>
...
006 (228433.016.000) 2021-12-02 11:06:51 Image size of job updated: 31528
	1  -  MemoryUsage of job (MB)
	352  -  ResidentSetSize of job (KB)
...
006 (228433.016.000) 2021-12-02 11:10:10 Image size of job updated: 2047932
	1  -  MemoryUsage of job (MB)
	396  -  ResidentSetSize of job (KB)
...
040 (228433.016.000) 2021-12-02 11:10:13 Started transferring output files
...
040 (228433.016.000) 2021-12-02 11:10:13 Finished transferring output files
...
005 (228433.016.000) 2021-12-02 11:10:13 Job terminated.
	(1) Normal termination (return value 0)
		Usr 0 00:03:12, Sys 0 00:00:04  -  Run Remote Usage
		Usr 0 00:00:00, Sys 0 00:00:00  -  Run Local Usage
		Usr 0 00:03:12, Sys 0 00:00:04  -  Total Remote Usage
		Usr 0 00:00:00, Sys 0 00:00:00  -  Total Local Usage
	129455  -  Run Bytes Sent By Job
	357880096  -  Run Bytes Received By Job
	129455  -  Total Bytes Sent By Job
	357880096  -  Total Bytes Received By Job
	Partitionable Resources :    Usage  Request Allocated 
	   Cpus                 :                 1         1 
	   Disk (KB)            :   837993  2097152   2344027 
	   IoHeavy              :                           0 
	   Memory (MB)          :        1     6144      6144 

	Job terminated of its own accord at 2021-12-02T17:10:09Z with exit-code 0.
...
