000 (228433.029.000) 2021-12-02 11:00:10 Job submitted from host: <128.104.100.148:9618?addrs=128.104.100.148-9618+[2607-f388-107c-501-216-3eff-feb2-bc11]-9618&alias=learn.chtc.wisc.edu&noUDP&sock=schedd_1130_aa1b>
...
040 (228433.029.000) 2021-12-02 11:12:43 Started transferring input files
	Transferring to host: <128.105.245.233:9618?addrs=128.105.245.233-9618&alias=e2433.chtc.wisc.edu&noUDP&sock=slot1_11_38884_0ba6_18511>
...
040 (228433.029.000) 2021-12-02 11:12:58 Finished transferring input files
...
001 (228433.029.000) 2021-12-02 11:12:59 Job executing on host: <128.105.245.233:9618?addrs=128.105.245.233-9618&alias=e2433.chtc.wisc.edu&noUDP&sock=startd_2478_47c6>
...
006 (228433.029.000) 2021-12-02 11:13:07 Image size of job updated: 36288
	1  -  MemoryUsage of job (MB)
	312  -  ResidentSetSize of job (KB)
...
006 (228433.029.000) 2021-12-02 11:18:07 Image size of job updated: 1095476
	607  -  MemoryUsage of job (MB)
	621472  -  ResidentSetSize of job (KB)
...
040 (228433.029.000) 2021-12-02 11:18:49 Started transferring output files
...
040 (228433.029.000) 2021-12-02 11:18:49 Finished transferring output files
...
005 (228433.029.000) 2021-12-02 11:18:49 Job terminated.
	(1) Normal termination (return value 0)
		Usr 0 00:05:35, Sys 0 00:00:03  -  Run Remote Usage
		Usr 0 00:00:00, Sys 0 00:00:00  -  Run Local Usage
		Usr 0 00:05:35, Sys 0 00:00:03  -  Total Remote Usage
		Usr 0 00:00:00, Sys 0 00:00:00  -  Total Local Usage
	149869  -  Run Bytes Sent By Job
	453439776  -  Run Bytes Received By Job
	149869  -  Total Bytes Sent By Job
	453439776  -  Total Bytes Received By Job
	Partitionable Resources :      Usage  Request Allocated 
	   Cpus                 :       1.00        1         1 
	   Disk (KB)            : 1024634     2097152   2329444 
	   IoHeavy              :                             0 
	   Memory (MB)          :     607        6144      6144 

	Job terminated of its own accord at 2021-12-02T17:18:49Z with exit-code 0.
...
