000 (228433.010.000) 2021-12-02 11:00:10 Job submitted from host: <128.104.100.148:9618?addrs=128.104.100.148-9618+[2607-f388-107c-501-216-3eff-feb2-bc11]-9618&alias=learn.chtc.wisc.edu&noUDP&sock=schedd_1130_aa1b>
...
040 (228433.010.000) 2021-12-02 11:05:03 Started transferring input files
	Transferring to host: <128.104.100.41:9618?addrs=128.104.100.41-9618+[2607-f388-107c-501-862b-2bff-fe63-b118]-9618&alias=e0064.chtc.wisc.edu&noUDP&sock=slot1_7_9698_de43_6855>
...
040 (228433.010.000) 2021-12-02 11:05:15 Finished transferring input files
...
001 (228433.010.000) 2021-12-02 11:05:16 Job executing on host: <128.104.100.41:9618?addrs=128.104.100.41-9618+[2607-f388-107c-501-862b-2bff-fe63-b118]-9618&alias=e0064.chtc.wisc.edu&noUDP&sock=startd_4569_884e>
...
006 (228433.010.000) 2021-12-02 11:05:25 Image size of job updated: 132884
	127  -  MemoryUsage of job (MB)
	129716  -  ResidentSetSize of job (KB)
...
006 (228433.010.000) 2021-12-02 11:10:26 Image size of job updated: 1897536
	1551  -  MemoryUsage of job (MB)
	1587332  -  ResidentSetSize of job (KB)
...
040 (228433.010.000) 2021-12-02 11:12:39 Started transferring output files
...
040 (228433.010.000) 2021-12-02 11:12:39 Finished transferring output files
...
005 (228433.010.000) 2021-12-02 11:12:39 Job terminated.
	(1) Normal termination (return value 0)
		Usr 0 00:07:12, Sys 0 00:00:05  -  Run Remote Usage
		Usr 0 00:00:00, Sys 0 00:00:00  -  Run Local Usage
		Usr 0 00:07:12, Sys 0 00:00:05  -  Total Remote Usage
		Usr 0 00:00:00, Sys 0 00:00:00  -  Total Local Usage
	138187  -  Run Bytes Sent By Job
	366809376  -  Run Bytes Received By Job
	138187  -  Total Bytes Sent By Job
	366809376  -  Total Bytes Received By Job
	Partitionable Resources :     Usage  Request Allocated 
	   Cpus                 :      1.00        1         1 
	   Disk (KB)            : 855443     2097152   3040472 
	   IoHeavy              :                            0 
	   Memory (MB)          :   1551        6144      6144 

	Job terminated of its own accord at 2021-12-02T17:12:39Z with exit-code 0.
...
