000 (228433.007.000) 2021-12-02 11:00:10 Job submitted from host: <128.104.100.148:9618?addrs=128.104.100.148-9618+[2607-f388-107c-501-216-3eff-feb2-bc11]-9618&alias=learn.chtc.wisc.edu&noUDP&sock=schedd_1130_aa1b>
...
040 (228433.007.000) 2021-12-02 11:02:28 Entered queue to transfer input files
	Transferring to host: <128.105.245.123:9618?addrs=128.105.245.123-9618&alias=e323.chtc.wisc.edu&noUDP&sock=slot1_19_40523_de89_18171>
...
040 (228433.007.000) 2021-12-02 11:02:32 Started transferring input files
	Seconds spent in queue: 4
...
040 (228433.007.000) 2021-12-02 11:03:06 Finished transferring input files
...
001 (228433.007.000) 2021-12-02 11:03:07 Job executing on host: <128.105.245.123:9618?addrs=128.105.245.123-9618&alias=e323.chtc.wisc.edu&noUDP&sock=startd_2500_5edb>
...
006 (228433.007.000) 2021-12-02 11:03:16 Image size of job updated: 528
	1  -  MemoryUsage of job (MB)
	528  -  ResidentSetSize of job (KB)
...
006 (228433.007.000) 2021-12-02 11:08:17 Image size of job updated: 2057432
	1037  -  MemoryUsage of job (MB)
	1060872  -  ResidentSetSize of job (KB)
...
040 (228433.007.000) 2021-12-02 11:09:21 Entered queue to transfer output files
...
040 (228433.007.000) 2021-12-02 11:09:22 Started transferring output files
	Seconds spent in queue: 414
...
040 (228433.007.000) 2021-12-02 11:09:22 Finished transferring output files
...
005 (228433.007.000) 2021-12-02 11:09:22 Job terminated.
	(1) Normal termination (return value 0)
		Usr 0 00:05:11, Sys 0 00:00:04  -  Run Remote Usage
		Usr 0 00:00:00, Sys 0 00:00:00  -  Run Local Usage
		Usr 0 00:05:11, Sys 0 00:00:04  -  Total Remote Usage
		Usr 0 00:00:00, Sys 0 00:00:00  -  Total Local Usage
	148518  -  Run Bytes Sent By Job
	418613536  -  Run Bytes Received By Job
	148518  -  Total Bytes Sent By Job
	418613536  -  Total Bytes Received By Job
	Partitionable Resources :     Usage  Request Allocated 
	   Cpus                 :      1.00        1         1 
	   Disk (KB)            : 956618     2097152   2358471 
	   IoHeavy              :                            0 
	   Memory (MB)          :   1037        6144      6144 

	Job terminated of its own accord at 2021-12-02T17:09:15Z with exit-code 0.
...
