000 (228433.012.000) 2021-12-02 11:00:10 Job submitted from host: <128.104.100.148:9618?addrs=128.104.100.148-9618+[2607-f388-107c-501-216-3eff-feb2-bc11]-9618&alias=learn.chtc.wisc.edu&noUDP&sock=schedd_1130_aa1b>
...
040 (228433.012.000) 2021-12-02 11:05:05 Entered queue to transfer input files
	Transferring to host: <128.104.58.191:9618?addrs=128.104.58.191-9618+[2607-f388-1086-0-16fe-b5ff-fec6-7579]-9618&alias=e1046.chtc.wisc.edu&noUDP&sock=slot1_25_43317_7ebb_17364>
...
040 (228433.012.000) 2021-12-02 11:05:14 Started transferring input files
	Seconds spent in queue: 9
...
040 (228433.012.000) 2021-12-02 11:05:33 Finished transferring input files
...
001 (228433.012.000) 2021-12-02 11:05:34 Job executing on host: <128.104.58.191:9618?addrs=128.104.58.191-9618+[2607-f388-1086-0-16fe-b5ff-fec6-7579]-9618&alias=e1046.chtc.wisc.edu&noUDP&sock=startd_4946_1f82>
...
006 (228433.012.000) 2021-12-02 11:05:45 Image size of job updated: 416
	1  -  MemoryUsage of job (MB)
	416  -  ResidentSetSize of job (KB)
...
006 (228433.012.000) 2021-12-02 11:10:44 Image size of job updated: 1079872
	903  -  MemoryUsage of job (MB)
	924544  -  ResidentSetSize of job (KB)
...
006 (228433.012.000) 2021-12-02 11:15:44 Image size of job updated: 1520716
	938  -  MemoryUsage of job (MB)
	959588  -  ResidentSetSize of job (KB)
...
040 (228433.012.000) 2021-12-02 11:17:08 Started transferring output files
	Seconds spent in queue: 723
...
040 (228433.012.000) 2021-12-02 11:17:08 Finished transferring output files
...
005 (228433.012.000) 2021-12-02 11:17:08 Job terminated.
	(1) Normal termination (return value 0)
		Usr 0 00:10:52, Sys 0 00:00:27  -  Run Remote Usage
		Usr 0 00:00:00, Sys 0 00:00:00  -  Run Local Usage
		Usr 0 00:10:52, Sys 0 00:00:27  -  Total Remote Usage
		Usr 0 00:00:00, Sys 0 00:00:00  -  Total Local Usage
	133176  -  Run Bytes Sent By Job
	412602656  -  Run Bytes Received By Job
	133176  -  Total Bytes Sent By Job
	412602656  -  Total Bytes Received By Job
	Partitionable Resources :     Usage  Request Allocated 
	   Cpus                 :      1.00        1         1 
	   Disk (KB)            : 944883     2097152   2327290 
	   IoHeavy              :                            0 
	   Memory (MB)          :    938        6144      6144 

	Job terminated of its own accord at 2021-12-02T17:17:07Z with exit-code 0.
...
