000 (228433.017.000) 2021-12-02 11:00:10 Job submitted from host: <128.104.100.148:9618?addrs=128.104.100.148-9618+[2607-f388-107c-501-216-3eff-feb2-bc11]-9618&alias=learn.chtc.wisc.edu&noUDP&sock=schedd_1130_aa1b>
...
040 (228433.017.000) 2021-12-02 11:06:33 Entered queue to transfer input files
	Transferring to host: <128.105.245.233:9618?addrs=128.105.245.233-9618&alias=e2433.chtc.wisc.edu&noUDP&sock=slot1_11_38884_0ba6_18500>
...
040 (228433.017.000) 2021-12-02 11:06:36 Started transferring input files
	Seconds spent in queue: 3
...
040 (228433.017.000) 2021-12-02 11:06:59 Finished transferring input files
...
001 (228433.017.000) 2021-12-02 11:07:00 Job executing on host: <128.105.245.233:9618?addrs=128.105.245.233-9618&alias=e2433.chtc.wisc.edu&noUDP&sock=startd_2478_47c6>
...
006 (228433.017.000) 2021-12-02 11:07:08 Image size of job updated: 228
	1  -  MemoryUsage of job (MB)
	228  -  ResidentSetSize of job (KB)
...
006 (228433.017.000) 2021-12-02 11:12:08 Image size of job updated: 1919604
	905  -  MemoryUsage of job (MB)
	926272  -  ResidentSetSize of job (KB)
...
040 (228433.017.000) 2021-12-02 11:12:39 Started transferring output files
	Seconds spent in queue: 366
...
040 (228433.017.000) 2021-12-02 11:12:39 Finished transferring output files
...
005 (228433.017.000) 2021-12-02 11:12:39 Job terminated.
	(1) Normal termination (return value 0)
		Usr 0 00:05:24, Sys 0 00:00:05  -  Run Remote Usage
		Usr 0 00:00:00, Sys 0 00:00:00  -  Run Local Usage
		Usr 0 00:05:24, Sys 0 00:00:05  -  Total Remote Usage
		Usr 0 00:00:00, Sys 0 00:00:00  -  Total Local Usage
	147320  -  Run Bytes Sent By Job
	421112096  -  Run Bytes Received By Job
	147320  -  Total Bytes Sent By Job
	421112096  -  Total Bytes Received By Job
	Partitionable Resources :     Usage  Request Allocated 
	   Cpus                 :      0.99        1         1 
	   Disk (KB)            : 961502     2097152   2329444 
	   IoHeavy              :                            0 
	   Memory (MB)          :    905        6144      6144 

	Job terminated of its own accord at 2021-12-02T17:12:39Z with exit-code 0.
...
