000 (228433.004.000) 2021-12-02 11:00:10 Job submitted from host: <128.104.100.148:9618?addrs=128.104.100.148-9618+[2607-f388-107c-501-216-3eff-feb2-bc11]-9618&alias=learn.chtc.wisc.edu&noUDP&sock=schedd_1130_aa1b>
...
040 (228433.004.000) 2021-12-02 11:01:18 Entered queue to transfer input files
	Transferring to host: <128.105.245.85:9618?addrs=128.105.245.85-9618&alias=e285.chtc.wisc.edu&noUDP&sock=slot1_38_15045_503d_18262>
...
040 (228433.004.000) 2021-12-02 11:01:59 Started transferring input files
	Seconds spent in queue: 41
...
040 (228433.004.000) 2021-12-02 11:02:27 Finished transferring input files
...
001 (228433.004.000) 2021-12-02 11:02:29 Job executing on host: <128.105.245.85:9618?addrs=128.105.245.85-9618&alias=e285.chtc.wisc.edu&noUDP&sock=startd_2787_3a89>
...
006 (228433.004.000) 2021-12-02 11:02:40 Image size of job updated: 31512
	1  -  MemoryUsage of job (MB)
	412  -  ResidentSetSize of job (KB)
...
006 (228433.004.000) 2021-12-02 11:07:39 Image size of job updated: 1873288
	1798  -  MemoryUsage of job (MB)
	1840304  -  ResidentSetSize of job (KB)
...
006 (228433.004.000) 2021-12-02 11:10:27 Image size of job updated: 2052024
	1798  -  MemoryUsage of job (MB)
	1840304  -  ResidentSetSize of job (KB)
...
040 (228433.004.000) 2021-12-02 11:10:29 Started transferring output files
	Seconds spent in queue: 551
...
040 (228433.004.000) 2021-12-02 11:10:29 Finished transferring output files
...
005 (228433.004.000) 2021-12-02 11:10:29 Job terminated.
	(1) Normal termination (return value 0)
		Usr 0 00:07:16, Sys 0 00:00:24  -  Run Remote Usage
		Usr 0 00:00:00, Sys 0 00:00:00  -  Run Local Usage
		Usr 0 00:07:16, Sys 0 00:00:24  -  Total Remote Usage
		Usr 0 00:00:00, Sys 0 00:00:00  -  Total Local Usage
	121455  -  Run Bytes Sent By Job
	488440096  -  Run Bytes Received By Job
	121455  -  Total Bytes Sent By Job
	488440096  -  Total Bytes Received By Job
	Partitionable Resources :      Usage  Request Allocated 
	   Cpus                 :       0.99        1         1 
	   Disk (KB)            : 1093006     2097152   2347893 
	   IoHeavy              :                             0 
	   Memory (MB)          :    1798        6144      6144 

	Job terminated of its own accord at 2021-12-02T17:10:27Z with exit-code 0.
...
000 (228442.004.000) 2021-12-02 11:24:41 Job submitted from host: <128.104.100.148:9618?addrs=128.104.100.148-9618+[2607-f388-107c-501-216-3eff-feb2-bc11]-9618&alias=learn.chtc.wisc.edu&noUDP&sock=schedd_1130_aa1b>
...
009 (228442.004.000) 2021-12-02 11:24:49 Job was aborted.
	via condor_rm (by user zwen42)
...
