000 (228433.001.000) 2021-12-02 11:00:10 Job submitted from host: <128.104.100.148:9618?addrs=128.104.100.148-9618+[2607-f388-107c-501-216-3eff-feb2-bc11]-9618&alias=learn.chtc.wisc.edu&noUDP&sock=schedd_1130_aa1b>
...
040 (228433.001.000) 2021-12-02 11:01:05 Started transferring input files
	Transferring to host: <128.105.245.233:9618?addrs=128.105.245.233-9618&alias=e2433.chtc.wisc.edu&noUDP&sock=slot1_11_38884_0ba6_18485>
...
040 (228433.001.000) 2021-12-02 11:01:19 Finished transferring input files
...
001 (228433.001.000) 2021-12-02 11:01:20 Job executing on host: <128.105.245.233:9618?addrs=128.105.245.233-9618&alias=e2433.chtc.wisc.edu&noUDP&sock=startd_2478_47c6>
...
006 (228433.001.000) 2021-12-02 11:01:29 Image size of job updated: 31528
	1  -  MemoryUsage of job (MB)
	128  -  ResidentSetSize of job (KB)
...
006 (228433.001.000) 2021-12-02 11:06:26 Image size of job updated: 2834252
	1  -  MemoryUsage of job (MB)
	128  -  ResidentSetSize of job (KB)
...
040 (228433.001.000) 2021-12-02 11:06:27 Started transferring output files
...
040 (228433.001.000) 2021-12-02 11:06:27 Finished transferring output files
...
005 (228433.001.000) 2021-12-02 11:06:27 Job terminated.
	(1) Normal termination (return value 0)
		Usr 0 00:04:51, Sys 0 00:00:05  -  Run Remote Usage
		Usr 0 00:00:00, Sys 0 00:00:00  -  Run Local Usage
		Usr 0 00:04:51, Sys 0 00:00:05  -  Total Remote Usage
		Usr 0 00:00:00, Sys 0 00:00:00  -  Total Local Usage
	132985  -  Run Bytes Sent By Job
	371755296  -  Run Bytes Received By Job
	132985  -  Total Bytes Sent By Job
	371755296  -  Total Bytes Received By Job
	Partitionable Resources :     Usage  Request Allocated 
	   Cpus                 :      0.99        1         1 
	   Disk (KB)            : 865099     2097152   2329444 
	   IoHeavy              :                            0 
	   Memory (MB)          :      1        6144      6144 

	Job terminated of its own accord at 2021-12-02T17:06:26Z with exit-code 0.
...
000 (228442.001.000) 2021-12-02 11:24:41 Job submitted from host: <128.104.100.148:9618?addrs=128.104.100.148-9618+[2607-f388-107c-501-216-3eff-feb2-bc11]-9618&alias=learn.chtc.wisc.edu&noUDP&sock=schedd_1130_aa1b>
...
009 (228442.001.000) 2021-12-02 11:24:48 Job was aborted.
	via condor_rm (by user zwen42)
...
