000 (228433.018.000) 2021-12-02 11:00:10 Job submitted from host: <128.104.100.148:9618?addrs=128.104.100.148-9618+[2607-f388-107c-501-216-3eff-feb2-bc11]-9618&alias=learn.chtc.wisc.edu&noUDP&sock=schedd_1130_aa1b>
...
040 (228433.018.000) 2021-12-02 11:07:09 Started transferring input files
	Transferring to host: <128.105.245.85:9618?addrs=128.105.245.85-9618&alias=e285.chtc.wisc.edu&noUDP&sock=slot1_8_15045_503d_18277>
...
040 (228433.018.000) 2021-12-02 11:07:22 Finished transferring input files
...
001 (228433.018.000) 2021-12-02 11:07:23 Job executing on host: <128.105.245.85:9618?addrs=128.105.245.85-9618&alias=e285.chtc.wisc.edu&noUDP&sock=startd_2787_3a89>
...
006 (228433.018.000) 2021-12-02 11:07:32 Image size of job updated: 101100
	97  -  MemoryUsage of job (MB)
	99076  -  ResidentSetSize of job (KB)
...
006 (228433.018.000) 2021-12-02 11:12:29 Image size of job updated: 1870576
	97  -  MemoryUsage of job (MB)
	99076  -  ResidentSetSize of job (KB)
...
040 (228433.018.000) 2021-12-02 11:12:30 Started transferring output files
...
040 (228433.018.000) 2021-12-02 11:12:30 Finished transferring output files
...
005 (228433.018.000) 2021-12-02 11:12:30 Job terminated.
	(1) Normal termination (return value 0)
		Usr 0 00:04:44, Sys 0 00:00:12  -  Run Remote Usage
		Usr 0 00:00:00, Sys 0 00:00:00  -  Run Local Usage
		Usr 0 00:04:44, Sys 0 00:00:12  -  Total Remote Usage
		Usr 0 00:00:00, Sys 0 00:00:00  -  Total Local Usage
	140686  -  Run Bytes Sent By Job
	356221216  -  Run Bytes Received By Job
	140686  -  Total Bytes Sent By Job
	356221216  -  Total Bytes Received By Job
	Partitionable Resources :     Usage  Request Allocated 
	   Cpus                 :      0.99        1         1 
	   Disk (KB)            : 834764     2097152   2347893 
	   IoHeavy              :                            0 
	   Memory (MB)          :     97        6144      6144 

	Job terminated of its own accord at 2021-12-02T17:12:29Z with exit-code 0.
...
