000 (228433.019.000) 2021-12-02 11:00:10 Job submitted from host: <128.104.100.148:9618?addrs=128.104.100.148-9618+[2607-f388-107c-501-216-3eff-feb2-bc11]-9618&alias=learn.chtc.wisc.edu&noUDP&sock=schedd_1130_aa1b>
...
040 (228433.019.000) 2021-12-02 11:07:28 Started transferring input files
	Transferring to host: <128.105.245.74:9618?addrs=128.105.245.74-9618&alias=e274.chtc.wisc.edu&noUDP&sock=slot1_17_4381_8f8b_18169>
...
040 (228433.019.000) 2021-12-02 11:07:53 Finished transferring input files
...
001 (228433.019.000) 2021-12-02 11:07:54 Job executing on host: <128.105.245.74:9618?addrs=128.105.245.74-9618&alias=e274.chtc.wisc.edu&noUDP&sock=startd_2746_1b27>
...
006 (228433.019.000) 2021-12-02 11:08:02 Image size of job updated: 396
	1  -  MemoryUsage of job (MB)
	204  -  ResidentSetSize of job (KB)
...
006 (228433.019.000) 2021-12-02 11:13:02 Image size of job updated: 1529000
	1076  -  MemoryUsage of job (MB)
	1101276  -  ResidentSetSize of job (KB)
...
040 (228433.019.000) 2021-12-02 11:13:51 Started transferring output files
...
040 (228433.019.000) 2021-12-02 11:13:51 Finished transferring output files
...
005 (228433.019.000) 2021-12-02 11:13:51 Job terminated.
	(1) Normal termination (return value 0)
		Usr 0 00:05:40, Sys 0 00:00:03  -  Run Remote Usage
		Usr 0 00:00:00, Sys 0 00:00:00  -  Run Local Usage
		Usr 0 00:05:40, Sys 0 00:00:03  -  Total Remote Usage
		Usr 0 00:00:00, Sys 0 00:00:00  -  Total Local Usage
	161715  -  Run Bytes Sent By Job
	449620256  -  Run Bytes Received By Job
	161715  -  Total Bytes Sent By Job
	449620256  -  Total Bytes Received By Job
	Partitionable Resources :      Usage  Request Allocated 
	   Cpus                 :       0.99        1         1 
	   Disk (KB)            : 1017173     2097152   2342108 
	   IoHeavy              :                             0 
	   Memory (MB)          :    1076        6144      6144 

	Job terminated of its own accord at 2021-12-02T17:13:50Z with exit-code 0.
...
