000 (228433.009.000) 2021-12-02 11:00:10 Job submitted from host: <128.104.100.148:9618?addrs=128.104.100.148-9618+[2607-f388-107c-501-216-3eff-feb2-bc11]-9618&alias=learn.chtc.wisc.edu&noUDP&sock=schedd_1130_aa1b>
...
040 (228433.009.000) 2021-12-02 11:05:02 Started transferring input files
	Transferring to host: <128.104.103.8:9618?addrs=128.104.103.8-9618+[2607-f388-107c-501-862b-2bff-fe64-8672]-9618&alias=e004.chtc.wisc.edu&noUDP&sock=slot1_17_5823_9486_7014>
...
040 (228433.009.000) 2021-12-02 11:05:48 Finished transferring input files
...
001 (228433.009.000) 2021-12-02 11:05:49 Job executing on host: <128.104.103.8:9618?addrs=128.104.103.8-9618+[2607-f388-107c-501-862b-2bff-fe64-8672]-9618&alias=e004.chtc.wisc.edu&noUDP&sock=startd_5290_1416>
...
006 (228433.009.000) 2021-12-02 11:05:57 Image size of job updated: 88968
	84  -  MemoryUsage of job (MB)
	85668  -  ResidentSetSize of job (KB)
...
006 (228433.009.000) 2021-12-02 11:10:57 Image size of job updated: 2235068
	2028  -  MemoryUsage of job (MB)
	2076520  -  ResidentSetSize of job (KB)
...
040 (228433.009.000) 2021-12-02 11:12:19 Started transferring output files
...
040 (228433.009.000) 2021-12-02 11:12:19 Finished transferring output files
...
005 (228433.009.000) 2021-12-02 11:12:19 Job terminated.
	(1) Normal termination (return value 0)
		Usr 0 00:06:15, Sys 0 00:00:04  -  Run Remote Usage
		Usr 0 00:00:00, Sys 0 00:00:00  -  Run Local Usage
		Usr 0 00:06:15, Sys 0 00:00:04  -  Total Remote Usage
		Usr 0 00:00:00, Sys 0 00:00:00  -  Total Local Usage
	133661  -  Run Bytes Sent By Job
	489136416  -  Run Bytes Received By Job
	133661  -  Total Bytes Sent By Job
	489136416  -  Total Bytes Received By Job
	Partitionable Resources :      Usage  Request Allocated 
	   Cpus                 :       1.00        1         1 
	   Disk (KB)            : 1094359     2097152   2711829 
	   IoHeavy              :                             0 
	   Memory (MB)          :    2028        6144      6144 

	Job terminated of its own accord at 2021-12-02T17:12:17Z with exit-code 0.
...
